1695745190422	geckodriver	INFO	Listening on 127.0.0.1:41051
1695745191132	mozrunner::runner	INFO	Running command: MOZ_CRASHREPORTER="1" MOZ_CRASHREPORTER_NO_REPORT="1" MOZ_CRASHREPORTER_SHUTDOWN="1" MOZ_NO_REMOTE="1" "/usr ... te" "--remote-debugging-port" "60313" "--remote-allow-hosts" "localhost" "-no-remote" "-profile" "/tmp/rust_mozprofilebBVjTO"
console.warn: services.settings: Ignoring preference override of remote settings server
console.warn: services.settings: Allow by setting MOZ_REMOTE_SETTINGS_DEVTOOLS=1 in the environment
ATTENTION: default value of option mesa_glthread overridden by environment.
ATTENTION: default value of option mesa_glthread overridden by environment.
ATTENTION: default value of option mesa_glthread overridden by environment.
1695745195925	Marionette	INFO	Marionette enabled
1695745196321	Marionette	INFO	Listening on port 46531
Read port: 46531
WebDriver BiDi listening on ws://127.0.0.1:60313
1695745196997	RemoteAgent	WARN	TLS certificate errors will be ignored for this session
console.error: ({})
DevTools listening on ws://127.0.0.1:60313/devtools/browser/b68ec4f7-d680-4936-87c7-062c52afbc9a
console.error: ({})
JavaScript error: https://uzum.uz/static/js/app.378991a3f2b35f9445c9.js?f200d7756c4a28452146, line 2: TypeError: can't convert undefined to object
JavaScript warning: https://pi.googleadshost.net/cdn/fingerprintjs, line 2: WEBGL_debug_renderer_info is deprecated in Firefox and will be removed. Please use RENDERER.
console.error: "update.locale" " file doesn't exist in either the application or GRE directories"
1695745436097	geckodriver	INFO	Listening on 127.0.0.1:57553
1695745436290	mozrunner::runner	INFO	Running command: MOZ_CRASHREPORTER="1" MOZ_CRASHREPORTER_NO_REPORT="1" MOZ_CRASHREPORTER_SHUTDOWN="1" MOZ_NO_REMOTE="1" "/usr ... te" "--remote-debugging-port" "48529" "--remote-allow-hosts" "localhost" "-no-remote" "-profile" "/tmp/rust_mozprofileDflZn4"
console.warn: services.settings: Ignoring preference override of remote settings server
console.warn: services.settings: Allow by setting MOZ_REMOTE_SETTINGS_DEVTOOLS=1 in the environment
JavaScript error: resource://gre/modules/AsyncShutdown.sys.mjs, line 575: NotFoundError: No such JSWindowActor 'DevToolsFrame'
JavaScript error: resource://gre/modules/AsyncShutdown.sys.mjs, line 575: NotFoundError: No such JSWindowActor 'DevToolsFrame'
1695745438328	Marionette	INFO	Stopped listening on port 46531
ATTENTION: default value of option mesa_glthread overridden by environment.
ATTENTION: default value of option mesa_glthread overridden by environment.
ATTENTION: default value of option mesa_glthread overridden by environment.
1695745439810	Marionette	INFO	Marionette enabled
1695745440245	Marionette	INFO	Listening on port 35117
WebDriver BiDi listening on ws://127.0.0.1:48529
Read port: 35117
1695745441066	RemoteAgent	WARN	TLS certificate errors will be ignored for this session
console.error: ({})
DevTools listening on ws://127.0.0.1:48529/devtools/browser/0f7da830-b38a-40c1-adfd-71c260b411ea
console.error: ({})
JavaScript error: https://uzum.uz/static/js/app.378991a3f2b35f9445c9.js?f200d7756c4a28452146, line 2: TypeError: can't convert undefined to object
console.error: "update.locale" " file doesn't exist in either the application or GRE directories"
JavaScript warning: https://pi.googleadshost.net/cdn/fingerprintjs, line 2: WEBGL_debug_renderer_info is deprecated in Firefox and will be removed. Please use RENDERER.
1695745527372	geckodriver	INFO	Listening on 127.0.0.1:50955
1695745527531	mozrunner::runner	INFO	Running command: MOZ_CRASHREPORTER="1" MOZ_CRASHREPORTER_NO_REPORT="1" MOZ_CRASHREPORTER_SHUTDOWN="1" MOZ_NO_REMOTE="1" "/usr ... te" "--remote-debugging-port" "32935" "--remote-allow-hosts" "localhost" "-no-remote" "-profile" "/tmp/rust_mozprofileHGjne7"
console.warn: services.settings: Ignoring preference override of remote settings server
console.warn: services.settings: Allow by setting MOZ_REMOTE_SETTINGS_DEVTOOLS=1 in the environment
ATTENTION: default value of option mesa_glthread overridden by environment.
ATTENTION: default value of option mesa_glthread overridden by environment.
ATTENTION: default value of option mesa_glthread overridden by environment.
1695745532633	Marionette	INFO	Marionette enabled
1695745533111	Marionette	INFO	Listening on port 35699
Read port: 35699
WebDriver BiDi listening on ws://127.0.0.1:32935
1695745533614	RemoteAgent	WARN	TLS certificate errors will be ignored for this session
1695745534505	Marionette	INFO	Stopped listening on port 35117
console.error: ({})
DevTools listening on ws://127.0.0.1:32935/devtools/browser/ef0a32cb-9f8e-4f29-a441-8b3dadee834b
console.error: (new TypeError("linkMap is undefined", "resource://gre/modules/NewTabUtils.sys.mjs", 2003))
console.error: ({})
JavaScript error: https://uzum.uz/static/js/app.378991a3f2b35f9445c9.js?f200d7756c4a28452146, line 2: TypeError: can't convert undefined to object
JavaScript warning: https://pi.googleadshost.net/cdn/fingerprintjs, line 2: WEBGL_debug_renderer_info is deprecated in Firefox and will be removed. Please use RENDERER.
console.error: "update.locale" " file doesn't exist in either the application or GRE directories"
1695745630978	geckodriver	INFO	Listening on 127.0.0.1:47279
1695745631209	mozrunner::runner	INFO	Running command: MOZ_CRASHREPORTER="1" MOZ_CRASHREPORTER_NO_REPORT="1" MOZ_CRASHREPORTER_SHUTDOWN="1" MOZ_NO_REMOTE="1" "/usr ... te" "--remote-debugging-port" "36075" "--remote-allow-hosts" "localhost" "-no-remote" "-profile" "/tmp/rust_mozprofilecsKm1h"
console.warn: services.settings: Ignoring preference override of remote settings server
console.warn: services.settings: Allow by setting MOZ_REMOTE_SETTINGS_DEVTOOLS=1 in the environment
1695745633394	Marionette	INFO	Stopped listening on port 35699
ATTENTION: default value of option mesa_glthread overridden by environment.
ATTENTION: default value of option mesa_glthread overridden by environment.
ATTENTION: default value of option mesa_glthread overridden by environment.
1695745636435	Marionette	INFO	Marionette enabled
1695745636812	Marionette	INFO	Listening on port 42349
Read port: 42349
WebDriver BiDi listening on ws://127.0.0.1:36075
1695745637623	RemoteAgent	WARN	TLS certificate errors will be ignored for this session
console.error: ({})
DevTools listening on ws://127.0.0.1:36075/devtools/browser/adf18186-d1bf-49b7-a2b4-bdeaa2b83723
console.error: (new TypeError("linkMap is undefined", "resource://gre/modules/NewTabUtils.sys.mjs", 2003))
console.error: ({})
console.error: "update.locale" " file doesn't exist in either the application or GRE directories"
JavaScript error: https://uzum.uz/static/js/app.378991a3f2b35f9445c9.js?f200d7756c4a28452146, line 2: TypeError: can't convert undefined to object
JavaScript warning: https://pi.googleadshost.net/cdn/fingerprintjs, line 2: WEBGL_debug_renderer_info is deprecated in Firefox and will be removed. Please use RENDERER.
1695745726891	geckodriver	INFO	Listening on 127.0.0.1:51789
1695745727050	mozrunner::runner	INFO	Running command: MOZ_CRASHREPORTER="1" MOZ_CRASHREPORTER_NO_REPORT="1" MOZ_CRASHREPORTER_SHUTDOWN="1" MOZ_NO_REMOTE="1" "/usr ... te" "--remote-debugging-port" "42241" "--remote-allow-hosts" "localhost" "-no-remote" "-profile" "/tmp/rust_mozprofileSNY7Bv"
console.warn: services.settings: Ignoring preference override of remote settings server
console.warn: services.settings: Allow by setting MOZ_REMOTE_SETTINGS_DEVTOOLS=1 in the environment
1695745730257	Marionette	INFO	Stopped listening on port 42349
ATTENTION: default value of option mesa_glthread overridden by environment.
ATTENTION: default value of option mesa_glthread overridden by environment.
ATTENTION: default value of option mesa_glthread overridden by environment.
1695745731734	Marionette	INFO	Marionette enabled
1695745732089	Marionette	INFO	Listening on port 40041
WebDriver BiDi listening on ws://127.0.0.1:42241
Read port: 40041
1695745733354	RemoteAgent	WARN	TLS certificate errors will be ignored for this session
console.error: ({})
DevTools listening on ws://127.0.0.1:42241/devtools/browser/e26e2132-b6f0-4c04-9e7b-3e1892278cb2
console.error: (new TypeError("linkMap is undefined", "resource://gre/modules/NewTabUtils.sys.mjs", 2003))
console.error: ({})
JavaScript error: https://uzum.uz/static/js/app.378991a3f2b35f9445c9.js?f200d7756c4a28452146, line 2: TypeError: can't convert undefined to object
console.error: "update.locale" " file doesn't exist in either the application or GRE directories"
JavaScript warning: https://pi.googleadshost.net/cdn/fingerprintjs, line 2: WEBGL_debug_renderer_info is deprecated in Firefox and will be removed. Please use RENDERER.
1695745827783	geckodriver	INFO	Listening on 127.0.0.1:53095
1695745828529	mozrunner::runner	INFO	Running command: MOZ_CRASHREPORTER="1" MOZ_CRASHREPORTER_NO_REPORT="1" MOZ_CRASHREPORTER_SHUTDOWN="1" MOZ_NO_REMOTE="1" "/usr ... te" "--remote-debugging-port" "33809" "--remote-allow-hosts" "localhost" "-no-remote" "-profile" "/tmp/rust_mozprofileDasFdW"
console.warn: services.settings: Ignoring preference override of remote settings server
console.warn: services.settings: Allow by setting MOZ_REMOTE_SETTINGS_DEVTOOLS=1 in the environment
JavaScript error: resource://gre/modules/AsyncShutdown.sys.mjs, line 575: NotFoundError: No such JSWindowActor 'DevToolsFrame'
JavaScript error: resource://gre/modules/AsyncShutdown.sys.mjs, line 575: NotFoundError: No such JSWindowActor 'DevToolsFrame'
1695745829597	Marionette	INFO	Stopped listening on port 40041
ATTENTION: default value of option mesa_glthread overridden by environment.
ATTENTION: default value of option mesa_glthread overridden by environment.
ATTENTION: default value of option mesa_glthread overridden by environment.
1695745833266	Marionette	INFO	Marionette enabled
1695745833584	Marionette	INFO	Listening on port 41349
Read port: 41349
WebDriver BiDi listening on ws://127.0.0.1:33809
1695745834397	RemoteAgent	WARN	TLS certificate errors will be ignored for this session
console.error: ({})
DevTools listening on ws://127.0.0.1:33809/devtools/browser/539441a6-15d4-4324-8575-4a9b3f15baeb
console.error: (new TypeError("linkMap is undefined", "resource://gre/modules/NewTabUtils.sys.mjs", 2003))
console.error: ({})
JavaScript error: https://uzum.uz/static/js/app.378991a3f2b35f9445c9.js?f200d7756c4a28452146, line 2: TypeError: can't convert undefined to object
console.error: "update.locale" " file doesn't exist in either the application or GRE directories"
JavaScript warning: https://pi.googleadshost.net/cdn/fingerprintjs, line 2: WEBGL_debug_renderer_info is deprecated in Firefox and will be removed. Please use RENDERER.
console.warn: LoginRecipes: "Falling back to a synchronous message for: https://uzum.uz."
JavaScript error: resource://devtools/client/framework/toolbox.js, line 1999: TypeError: currentPanel is undefined
JavaScript error: resource://gre/modules/AsyncShutdown.sys.mjs, line 575: NotFoundError: No such JSWindowActor 'DevToolsFrame'
JavaScript error: resource://gre/modules/AsyncShutdown.sys.mjs, line 575: NotFoundError: No such JSWindowActor 'DevToolsFrame'
1695746008736	Marionette	INFO	Stopped listening on port 41349
1695755001206	geckodriver	INFO	Listening on 127.0.0.1:34471
1695755001870	mozrunner::runner	INFO	Running command: MOZ_CRASHREPORTER="1" MOZ_CRASHREPORTER_NO_REPORT="1" MOZ_CRASHREPORTER_SHUTDOWN="1" MOZ_NO_REMOTE="1" "/usr ... te" "--remote-debugging-port" "46957" "--remote-allow-hosts" "localhost" "-no-remote" "-profile" "/tmp/rust_mozprofile2raaKA"
console.warn: services.settings: Ignoring preference override of remote settings server
console.warn: services.settings: Allow by setting MOZ_REMOTE_SETTINGS_DEVTOOLS=1 in the environment
ATTENTION: default value of option mesa_glthread overridden by environment.
ATTENTION: default value of option mesa_glthread overridden by environment.
ATTENTION: default value of option mesa_glthread overridden by environment.
1695755007388	Marionette	INFO	Marionette enabled
1695755008272	Marionette	INFO	Listening on port 39109
Read port: 39109
WebDriver BiDi listening on ws://127.0.0.1:46957
1695755009370	RemoteAgent	WARN	TLS certificate errors will be ignored for this session
console.error: ({})
DevTools listening on ws://127.0.0.1:46957/devtools/browser/68cde4f4-8e54-4d5b-93dc-c029e350933c
console.error: (new TypeError("linkMap is undefined", "resource://gre/modules/NewTabUtils.sys.mjs", 2003))
console.error: ({})
JavaScript error: https://uzum.uz/static/js/app.378991a3f2b35f9445c9.js?f200d7756c4a28452146, line 2: TypeError: can't convert undefined to object
console.error: "update.locale" " file doesn't exist in either the application or GRE directories"
JavaScript warning: https://pi.googleadshost.net/cdn/fingerprintjs, line 2: WEBGL_debug_renderer_info is deprecated in Firefox and will be removed. Please use RENDERER.
JavaScript error: resource://devtools/client/framework/toolbox.js, line 1999: TypeError: currentPanel is undefined
JavaScript error: resource://gre/modules/AsyncShutdown.sys.mjs, line 575: NotFoundError: No such JSWindowActor 'DevToolsFrame'
JavaScript error: resource://gre/modules/AsyncShutdown.sys.mjs, line 575: NotFoundError: No such JSWindowActor 'DevToolsFrame'
1695755153140	Marionette	INFO	Stopped listening on port 39109
1695755162860	geckodriver	INFO	Listening on 127.0.0.1:52285
1695755163178	mozrunner::runner	INFO	Running command: MOZ_CRASHREPORTER="1" MOZ_CRASHREPORTER_NO_REPORT="1" MOZ_CRASHREPORTER_SHUTDOWN="1" MOZ_NO_REMOTE="1" "/usr ... te" "--remote-debugging-port" "40405" "--remote-allow-hosts" "localhost" "-no-remote" "-profile" "/tmp/rust_mozprofileIIyNTt"
console.warn: services.settings: Ignoring preference override of remote settings server
console.warn: services.settings: Allow by setting MOZ_REMOTE_SETTINGS_DEVTOOLS=1 in the environment
ATTENTION: default value of option mesa_glthread overridden by environment.
ATTENTION: default value of option mesa_glthread overridden by environment.
ATTENTION: default value of option mesa_glthread overridden by environment.
1695755168032	Marionette	INFO	Marionette enabled
1695755168475	Marionette	INFO	Listening on port 37513
Read port: 37513
WebDriver BiDi listening on ws://127.0.0.1:40405
1695755169008	RemoteAgent	WARN	TLS certificate errors will be ignored for this session
console.error: ({})
DevTools listening on ws://127.0.0.1:40405/devtools/browser/5e015676-46b6-4450-905a-53ff21aec88d
console.error: (new TypeError("linkMap is undefined", "resource://gre/modules/NewTabUtils.sys.mjs", 2003))
console.error: ({})
JavaScript error: https://uzum.uz/static/js/app.378991a3f2b35f9445c9.js?f200d7756c4a28452146, line 2: TypeError: can't convert undefined to object
console.error: "update.locale" " file doesn't exist in either the application or GRE directories"
JavaScript error: https://uzum.uz/static/js/app.378991a3f2b35f9445c9.js?f200d7756c4a28452146, line 2: Error: Redirected when going from "/uz" to "/search" via a navigation guard.
JavaScript warning: https://pi.googleadshost.net/cdn/fingerprintjs, line 2: WEBGL_debug_renderer_info is deprecated in Firefox and will be removed. Please use RENDERER.
1695755397515	geckodriver	INFO	Listening on 127.0.0.1:59783
1695755397694	mozrunner::runner	INFO	Running command: MOZ_CRASHREPORTER="1" MOZ_CRASHREPORTER_NO_REPORT="1" MOZ_CRASHREPORTER_SHUTDOWN="1" MOZ_NO_REMOTE="1" "/usr ... te" "--remote-debugging-port" "35705" "--remote-allow-hosts" "localhost" "-no-remote" "-profile" "/tmp/rust_mozprofile0ZdsGT"
console.warn: services.settings: Ignoring preference override of remote settings server
console.warn: services.settings: Allow by setting MOZ_REMOTE_SETTINGS_DEVTOOLS=1 in the environment
ATTENTION: default value of option mesa_glthread overridden by environment.
ATTENTION: default value of option mesa_glthread overridden by environment.
ATTENTION: default value of option mesa_glthread overridden by environment.
1695755400697	Marionette	INFO	Marionette enabled
1695755401022	Marionette	INFO	Listening on port 40785
WebDriver BiDi listening on ws://127.0.0.1:35705
Read port: 40785
1695755401627	RemoteAgent	WARN	TLS certificate errors will be ignored for this session
console.error: ({})
DevTools listening on ws://127.0.0.1:35705/devtools/browser/ae7a53e0-1bd8-4db8-921c-d103b17fb871
1695755522044	Marionette	INFO	Stopped listening on port 37513
1695755581282	geckodriver	INFO	Listening on 127.0.0.1:51297
1695755581414	mozrunner::runner	INFO	Running command: MOZ_CRASHREPORTER="1" MOZ_CRASHREPORTER_NO_REPORT="1" MOZ_CRASHREPORTER_SHUTDOWN="1" MOZ_NO_REMOTE="1" "/usr ... te" "--remote-debugging-port" "35447" "--remote-allow-hosts" "localhost" "-no-remote" "-profile" "/tmp/rust_mozprofileMwW2wR"
console.warn: services.settings: Ignoring preference override of remote settings server
console.warn: services.settings: Allow by setting MOZ_REMOTE_SETTINGS_DEVTOOLS=1 in the environment
ATTENTION: default value of option mesa_glthread overridden by environment.
ATTENTION: default value of option mesa_glthread overridden by environment.
ATTENTION: default value of option mesa_glthread overridden by environment.
1695755585168	Marionette	INFO	Marionette enabled
1695755585494	Marionette	INFO	Listening on port 34379
Read port: 34379
WebDriver BiDi listening on ws://127.0.0.1:35447
1695755586022	RemoteAgent	WARN	TLS certificate errors will be ignored for this session
console.error: ({})
DevTools listening on ws://127.0.0.1:35447/devtools/browser/0592660a-9445-4995-8655-4f92234e8090
console.error: ({})
JavaScript error: https://uzum.uz/static/js/app.378991a3f2b35f9445c9.js?f200d7756c4a28452146, line 2: TypeError: can't convert undefined to object
console.error: "update.locale" " file doesn't exist in either the application or GRE directories"
JavaScript warning: https://pi.googleadshost.net/cdn/fingerprintjs, line 2: WEBGL_debug_renderer_info is deprecated in Firefox and will be removed. Please use RENDERER.
JavaScript error: https://uzum.uz/static/js/app.378991a3f2b35f9445c9.js?f200d7756c4a28452146, line 2: Error: Redirected when going from "/uz" to "/search" via a navigation guard.
Exiting due to channel error.
Exiting due to channel error.
Exiting due to channel error.
Exiting due to channel error.
Exiting due to channel error.
1695758370774	geckodriver	INFO	Listening on 127.0.0.1:58473
1695758371105	mozrunner::runner	INFO	Running command: MOZ_CRASHREPORTER="1" MOZ_CRASHREPORTER_NO_REPORT="1" MOZ_CRASHREPORTER_SHUTDOWN="1" MOZ_NO_REMOTE="1" "/usr ... te" "--remote-debugging-port" "56365" "--remote-allow-hosts" "localhost" "-no-remote" "-profile" "/tmp/rust_mozprofilem4U9Mz"
console.warn: services.settings: Ignoring preference override of remote settings server
console.warn: services.settings: Allow by setting MOZ_REMOTE_SETTINGS_DEVTOOLS=1 in the environment
ATTENTION: default value of option mesa_glthread overridden by environment.
ATTENTION: default value of option mesa_glthread overridden by environment.
ATTENTION: default value of option mesa_glthread overridden by environment.
1695758382866	Marionette	INFO	Marionette enabled
1695758383690	Marionette	INFO	Listening on port 33755
Read port: 33755
WebDriver BiDi listening on ws://127.0.0.1:56365
1695758384807	RemoteAgent	WARN	TLS certificate errors will be ignored for this session
console.error: ({})
console.error: Region.sys.mjs: "Error fetching region" (new AbortError("The operation was aborted. ", (void 0), 757))
console.error: Region.sys.mjs: "Failed to fetch region" (new Error("NO_RESULT", "resource://gre/modules/Region.sys.mjs", 411))
DevTools listening on ws://127.0.0.1:56365/devtools/browser/0f31ab14-c967-407d-a26f-6667eca3a7e5
console.error: "update.locale" " file doesn't exist in either the application or GRE directories"
console.error: ({})
JavaScript error: https://uzum.uz/static/js/app.378991a3f2b35f9445c9.js?f200d7756c4a28452146, line 2: TypeError: can't convert undefined to object
JavaScript warning: https://pi.googleadshost.net/cdn/fingerprintjs, line 2: WEBGL_debug_renderer_info is deprecated in Firefox and will be removed. Please use RENDERER.
JavaScript error: https://uzum.uz/static/js/app.378991a3f2b35f9445c9.js?f200d7756c4a28452146, line 2: Error: Redirected when going from "/uz" to "/search" via a navigation guard.
1695758626957	geckodriver	INFO	Listening on 127.0.0.1:50931
1695758627191	mozrunner::runner	INFO	Running command: MOZ_CRASHREPORTER="1" MOZ_CRASHREPORTER_NO_REPORT="1" MOZ_CRASHREPORTER_SHUTDOWN="1" MOZ_NO_REMOTE="1" "/usr ... te" "--remote-debugging-port" "40051" "--remote-allow-hosts" "localhost" "-no-remote" "-profile" "/tmp/rust_mozprofilexYjBn2"
console.warn: services.settings: Ignoring preference override of remote settings server
console.warn: services.settings: Allow by setting MOZ_REMOTE_SETTINGS_DEVTOOLS=1 in the environment
ATTENTION: default value of option mesa_glthread overridden by environment.
ATTENTION: default value of option mesa_glthread overridden by environment.
ATTENTION: default value of option mesa_glthread overridden by environment.
1695758635537	Marionette	INFO	Marionette enabled
1695758636023	Marionette	INFO	Listening on port 44135
WebDriver BiDi listening on ws://127.0.0.1:40051
Read port: 44135
1695758637522	RemoteAgent	WARN	TLS certificate errors will be ignored for this session
console.error: ({})
console.error: Region.sys.mjs: "Error fetching region" (new AbortError("The operation was aborted. ", (void 0), 757))
console.error: Region.sys.mjs: "Failed to fetch region" (new Error("NO_RESULT", "resource://gre/modules/Region.sys.mjs", 411))
1695758649288	Marionette	INFO	Stopped listening on port 33755
!!! error running onStopped callback: TypeError: callback is not a function
console.error: (new Error("Data is not ready.", "resource://gre/modules/JSONFile.sys.mjs", 184))
DevTools listening on ws://127.0.0.1:40051/devtools/browser/859923fc-6f08-43d7-828f-4c097406ca24
console.error: "update.locale" " file doesn't exist in either the application or GRE directories"
console.error: (new TypeError("linkMap is undefined", "resource://gre/modules/NewTabUtils.sys.mjs", 2003))
console.error: ({})
JavaScript error: https://uzum.uz/static/js/app.378991a3f2b35f9445c9.js?f200d7756c4a28452146, line 2: TypeError: can't convert undefined to object
JavaScript warning: https://pi.googleadshost.net/cdn/fingerprintjs, line 2: WEBGL_debug_renderer_info is deprecated in Firefox and will be removed. Please use RENDERER.
JavaScript error: https://uzum.uz/static/js/app.378991a3f2b35f9445c9.js?f200d7756c4a28452146, line 2: Error: Redirected when going from "/uz" to "/search" via a navigation guard.
Exiting due to channel error.
Exiting due to channel error.
Exiting due to channel error.
Exiting due to channel error.
Exiting due to channel error.
1695758879305	geckodriver	INFO	Listening on 127.0.0.1:34311
1695758879760	mozrunner::runner	INFO	Running command: MOZ_CRASHREPORTER="1" MOZ_CRASHREPORTER_NO_REPORT="1" MOZ_CRASHREPORTER_SHUTDOWN="1" MOZ_NO_REMOTE="1" "/usr ... te" "--remote-debugging-port" "43429" "--remote-allow-hosts" "localhost" "-no-remote" "-profile" "/tmp/rust_mozprofileq3Qfms"
console.warn: services.settings: Ignoring preference override of remote settings server
console.warn: services.settings: Allow by setting MOZ_REMOTE_SETTINGS_DEVTOOLS=1 in the environment
ATTENTION: default value of option mesa_glthread overridden by environment.
ATTENTION: default value of option mesa_glthread overridden by environment.
ATTENTION: default value of option mesa_glthread overridden by environment.
1695758884657	Marionette	INFO	Marionette enabled
1695758885142	Marionette	INFO	Listening on port 38427
Read port: 38427
WebDriver BiDi listening on ws://127.0.0.1:43429
1695758886048	RemoteAgent	WARN	TLS certificate errors will be ignored for this session
console.error: ({})
DevTools listening on ws://127.0.0.1:43429/devtools/browser/01c839cc-949f-4cbd-af72-c1f2efe666ef
console.error: "update.locale" " file doesn't exist in either the application or GRE directories"
console.error: (new TypeError("linkMap is undefined", "resource://gre/modules/NewTabUtils.sys.mjs", 2003))
console.error: ({})
JavaScript error: https://uzum.uz/static/js/app.378991a3f2b35f9445c9.js?f200d7756c4a28452146, line 2: TypeError: can't convert undefined to object
JavaScript warning: https://pi.googleadshost.net/cdn/fingerprintjs, line 2: WEBGL_debug_renderer_info is deprecated in Firefox and will be removed. Please use RENDERER.
JavaScript error: https://uzum.uz/static/js/app.378991a3f2b35f9445c9.js?f200d7756c4a28452146, line 2: Error: Redirected when going from "/uz" to "/search" via a navigation guard.
JavaScript error: resource://gre/modules/AsyncShutdown.sys.mjs, line 575: NotFoundError: No such JSWindowActor 'DevToolsFrame'
JavaScript error: resource://gre/modules/AsyncShutdown.sys.mjs, line 575: NotFoundError: No such JSWindowActor 'DevToolsFrame'
1695759449800	Marionette	INFO	Stopped listening on port 38427
JavaScript error: chrome://remote/content/marionette/cert.sys.mjs, line 51: NS_ERROR_NOT_AVAILABLE: Component returned failure code: 0x80040111 (NS_ERROR_NOT_AVAILABLE) [nsICertOverrideService.setDisableAllSecurityChecksAndLetAttackersInterceptMyData]
!!! error running onStopped callback: TypeError: callback is not a function
1695759450254	WebDriver BiDi	ERROR	Failed to stop protocol: [Exception... "Component returned failure code: 0x80040111 (NS_ERROR_NOT_AVAILABLE) [nsICertOverrideService.setDisableAllSecurityChecksAndLetAttackersInterceptMyData]"  nsresult: "0x80040111 (NS_ERROR_NOT_AVAILABLE)"  location: "JS frame :: chrome://remote/content/marionette/cert.sys.mjs :: allowAllCerts.disable :: line 51"  data: no] Stack trace: allowAllCerts.disable()@cert.sys.mjs:51
destroy()@Session.sys.mjs:205
deleteSession()@WebDriverBiDi.sys.mjs:142
stop()@WebDriverBiDi.sys.mjs:230
observe()@resource://gre/modules/AsyncShutdown.sys.mjs:575
1695759460038	geckodriver	INFO	Listening on 127.0.0.1:46037
1695759460267	mozrunner::runner	INFO	Running command: MOZ_CRASHREPORTER="1" MOZ_CRASHREPORTER_NO_REPORT="1" MOZ_CRASHREPORTER_SHUTDOWN="1" MOZ_NO_REMOTE="1" "/usr ... te" "--remote-debugging-port" "53427" "--remote-allow-hosts" "localhost" "-no-remote" "-profile" "/tmp/rust_mozprofile682ELu"
console.warn: services.settings: Ignoring preference override of remote settings server
console.warn: services.settings: Allow by setting MOZ_REMOTE_SETTINGS_DEVTOOLS=1 in the environment
ATTENTION: default value of option mesa_glthread overridden by environment.
ATTENTION: default value of option mesa_glthread overridden by environment.
ATTENTION: default value of option mesa_glthread overridden by environment.
1695759467685	Marionette	INFO	Marionette enabled
1695759468180	Marionette	INFO	Listening on port 42903
WebDriver BiDi listening on ws://127.0.0.1:53427
Read port: 42903
1695759469498	RemoteAgent	WARN	TLS certificate errors will be ignored for this session
console.error: ({})
DevTools listening on ws://127.0.0.1:53427/devtools/browser/b2ea3084-c30d-412c-82ca-148ba5fccfdb
console.error: "update.locale" " file doesn't exist in either the application or GRE directories"
console.error: (new TypeError("linkMap is undefined", "resource://gre/modules/NewTabUtils.sys.mjs", 2003))
console.error: ({})
JavaScript error: https://uzum.uz/static/js/app.378991a3f2b35f9445c9.js?f200d7756c4a28452146, line 2: TypeError: can't convert undefined to object
JavaScript warning: https://pi.googleadshost.net/cdn/fingerprintjs, line 2: WEBGL_debug_renderer_info is deprecated in Firefox and will be removed. Please use RENDERER.
JavaScript error: https://uzum.uz/static/js/app.378991a3f2b35f9445c9.js?f200d7756c4a28452146, line 2: Error: Redirected when going from "/uz" to "/search" via a navigation guard.
Exiting due to channel error.
Exiting due to channel error.
Exiting due to channel error.
Exiting due to channel error.
Exiting due to channel error.
1695759845730	geckodriver	INFO	Listening on 127.0.0.1:52933
1695759845970	mozrunner::runner	INFO	Running command: MOZ_CRASHREPORTER="1" MOZ_CRASHREPORTER_NO_REPORT="1" MOZ_CRASHREPORTER_SHUTDOWN="1" MOZ_NO_REMOTE="1" "/usr ... te" "--remote-debugging-port" "58377" "--remote-allow-hosts" "localhost" "-no-remote" "-profile" "/tmp/rust_mozprofileHRcErE"
console.warn: services.settings: Ignoring preference override of remote settings server
console.warn: services.settings: Allow by setting MOZ_REMOTE_SETTINGS_DEVTOOLS=1 in the environment
ATTENTION: default value of option mesa_glthread overridden by environment.
ATTENTION: default value of option mesa_glthread overridden by environment.
ATTENTION: default value of option mesa_glthread overridden by environment.
1695759850047	Marionette	INFO	Marionette enabled
1695759850419	Marionette	INFO	Listening on port 41699
Read port: 41699
WebDriver BiDi listening on ws://127.0.0.1:58377
1695759850992	RemoteAgent	WARN	TLS certificate errors will be ignored for this session
console.error: ({})
DevTools listening on ws://127.0.0.1:58377/devtools/browser/eee42038-2a72-4f2d-83ae-cbe325c76057
console.error: "update.locale" " file doesn't exist in either the application or GRE directories"
console.error: (new TypeError("linkMap is undefined", "resource://gre/modules/NewTabUtils.sys.mjs", 2003))
console.error: ({})
Exiting due to channel error.
Exiting due to channel error.
Exiting due to channel error.
Exiting due to channel error.
1695760011284	geckodriver	INFO	Listening on 127.0.0.1:43157
1695760011410	mozrunner::runner	INFO	Running command: MOZ_CRASHREPORTER="1" MOZ_CRASHREPORTER_NO_REPORT="1" MOZ_CRASHREPORTER_SHUTDOWN="1" MOZ_NO_REMOTE="1" "/usr ... te" "--remote-debugging-port" "52133" "--remote-allow-hosts" "localhost" "-no-remote" "-profile" "/tmp/rust_mozprofileNoLTSr"
console.warn: services.settings: Ignoring preference override of remote settings server
console.warn: services.settings: Allow by setting MOZ_REMOTE_SETTINGS_DEVTOOLS=1 in the environment
ATTENTION: default value of option mesa_glthread overridden by environment.
ATTENTION: default value of option mesa_glthread overridden by environment.
ATTENTION: default value of option mesa_glthread overridden by environment.
1695760015364	Marionette	INFO	Marionette enabled
1695760015681	Marionette	INFO	Listening on port 42261
Read port: 42261
WebDriver BiDi listening on ws://127.0.0.1:52133
1695760016376	RemoteAgent	WARN	TLS certificate errors will be ignored for this session
console.error: ({})
DevTools listening on ws://127.0.0.1:52133/devtools/browser/3f6d182b-40bb-4b49-b170-60d5e48dab1c
console.error: "update.locale" " file doesn't exist in either the application or GRE directories"
JavaScript error: https://ads.nativenetwork.uz/json/kun.uz.js?ts=1695760136141, line 800: ReferenceError: lrivb is not defined
Exiting due to channel error.
Exiting due to channel error.
Exiting due to channel error.
Exiting due to channel error.
Exiting due to channel error.
1695760740660	geckodriver	INFO	Listening on 127.0.0.1:38383
1695760740798	mozrunner::runner	INFO	Running command: MOZ_CRASHREPORTER="1" MOZ_CRASHREPORTER_NO_REPORT="1" MOZ_CRASHREPORTER_SHUTDOWN="1" MOZ_NO_REMOTE="1" "/usr ... te" "--remote-debugging-port" "48245" "--remote-allow-hosts" "localhost" "-no-remote" "-profile" "/tmp/rust_mozprofilei9hLmW"
console.warn: services.settings: Ignoring preference override of remote settings server
console.warn: services.settings: Allow by setting MOZ_REMOTE_SETTINGS_DEVTOOLS=1 in the environment
ATTENTION: default value of option mesa_glthread overridden by environment.
ATTENTION: default value of option mesa_glthread overridden by environment.
ATTENTION: default value of option mesa_glthread overridden by environment.
1695760744119	Marionette	INFO	Marionette enabled
1695760744438	Marionette	INFO	Listening on port 38685
Read port: 38685
WebDriver BiDi listening on ws://127.0.0.1:48245
1695760744971	RemoteAgent	WARN	TLS certificate errors will be ignored for this session
console.error: ({})
DevTools listening on ws://127.0.0.1:48245/devtools/browser/d4f24262-c278-4279-973b-b490610472b7
console.error: "update.locale" " file doesn't exist in either the application or GRE directories"
console.error: (new TypeError("linkMap is undefined", "resource://gre/modules/NewTabUtils.sys.mjs", 2003))
console.error: ({})
JavaScript error: https://uzum.uz/static/js/app.378991a3f2b35f9445c9.js?f200d7756c4a28452146, line 2: TypeError: can't convert undefined to object
JavaScript warning: https://pi.googleadshost.net/cdn/fingerprintjs, line 2: WEBGL_debug_renderer_info is deprecated in Firefox and will be removed. Please use RENDERER.
JavaScript error: https://uzum.uz/static/js/app.378991a3f2b35f9445c9.js?f200d7756c4a28452146, line 2: Error: Redirected when going from "/uz" to "/search" via a navigation guard.
console.error: ({})
JavaScript error: https://uzum.uz/static/js/app.378991a3f2b35f9445c9.js?f200d7756c4a28452146, line 2: TypeError: can't convert undefined to object
JavaScript warning: https://pi.googleadshost.net/cdn/fingerprintjs, line 2: WEBGL_debug_renderer_info is deprecated in Firefox and will be removed. Please use RENDERER.
1695760910723	Marionette	WARN	TimedPromise timed out after 500 ms: stacktrace:
TimedPromise/<@chrome://remote/content/marionette/sync.sys.mjs:221:24
TimedPromise@chrome://remote/content/marionette/sync.sys.mjs:205:10
interaction.flushEventLoop@chrome://remote/content/marionette/interaction.sys.mjs:431:10
webdriverClickElement@chrome://remote/content/marionette/interaction.sys.mjs:180:31
JavaScript error: https://uzum.uz/static/js/app.378991a3f2b35f9445c9.js?f200d7756c4a28452146, line 2: Error: Redirected when going from "/uz" to "/search" via a navigation guard.
Exiting due to channel error.
Exiting due to channel error.
Exiting due to channel error.
Exiting due to channel error.
Exiting due to channel error.
1695760952363	geckodriver	INFO	Listening on 127.0.0.1:59023
1695760952969	mozrunner::runner	INFO	Running command: MOZ_CRASHREPORTER="1" MOZ_CRASHREPORTER_NO_REPORT="1" MOZ_CRASHREPORTER_SHUTDOWN="1" MOZ_NO_REMOTE="1" "/usr ... te" "--remote-debugging-port" "46091" "--remote-allow-hosts" "localhost" "-no-remote" "-profile" "/tmp/rust_mozprofilew1KbKD"
console.warn: services.settings: Ignoring preference override of remote settings server
console.warn: services.settings: Allow by setting MOZ_REMOTE_SETTINGS_DEVTOOLS=1 in the environment
ATTENTION: default value of option mesa_glthread overridden by environment.
ATTENTION: default value of option mesa_glthread overridden by environment.
ATTENTION: default value of option mesa_glthread overridden by environment.
1695760964393	Marionette	INFO	Marionette enabled
1695760965302	Marionette	INFO	Listening on port 46695
Read port: 46695
WebDriver BiDi listening on ws://127.0.0.1:46091
1695760966602	RemoteAgent	WARN	TLS certificate errors will be ignored for this session
console.error: ({})
DevTools listening on ws://127.0.0.1:46091/devtools/browser/3cf9a1e2-d1c1-4642-9e80-504fe11ea253
console.error: "update.locale" " file doesn't exist in either the application or GRE directories"
console.error: ({})
JavaScript error: https://uzum.uz/static/js/app.378991a3f2b35f9445c9.js?f200d7756c4a28452146, line 2: TypeError: can't convert undefined to object
JavaScript warning: https://pi.googleadshost.net/cdn/fingerprintjs, line 2: WEBGL_debug_renderer_info is deprecated in Firefox and will be removed. Please use RENDERER.
JavaScript error: https://uzum.uz/static/js/app.378991a3f2b35f9445c9.js?f200d7756c4a28452146, line 2: Error: Redirected when going from "/uz" to "/search" via a navigation guard.
console.error: ({})
JavaScript error: https://uzum.uz/static/js/app.378991a3f2b35f9445c9.js?f200d7756c4a28452146, line 2: TypeError: can't convert undefined to object
JavaScript warning: https://pi.googleadshost.net/cdn/fingerprintjs, line 2: WEBGL_debug_renderer_info is deprecated in Firefox and will be removed. Please use RENDERER.
1695761174176	Marionette	WARN	TimedPromise timed out after 500 ms: stacktrace:
TimedPromise/<@chrome://remote/content/marionette/sync.sys.mjs:221:24
TimedPromise@chrome://remote/content/marionette/sync.sys.mjs:205:10
interaction.flushEventLoop@chrome://remote/content/marionette/interaction.sys.mjs:431:10
webdriverClickElement@chrome://remote/content/marionette/interaction.sys.mjs:180:31
JavaScript error: https://uzum.uz/static/js/app.378991a3f2b35f9445c9.js?f200d7756c4a28452146, line 2: Error: Redirected when going from "/uz" to "/search" via a navigation guard.
Exiting due to channel error.
Exiting due to channel error.
Exiting due to channel error.
Exiting due to channel error.
Exiting due to channel error.
1695761268725	geckodriver	INFO	Listening on 127.0.0.1:42773
1695761269108	mozrunner::runner	INFO	Running command: MOZ_CRASHREPORTER="1" MOZ_CRASHREPORTER_NO_REPORT="1" MOZ_CRASHREPORTER_SHUTDOWN="1" MOZ_NO_REMOTE="1" "/usr ... te" "--remote-debugging-port" "48423" "--remote-allow-hosts" "localhost" "-no-remote" "-profile" "/tmp/rust_mozprofilet0H541"
console.warn: services.settings: Ignoring preference override of remote settings server
console.warn: services.settings: Allow by setting MOZ_REMOTE_SETTINGS_DEVTOOLS=1 in the environment
ATTENTION: default value of option mesa_glthread overridden by environment.
ATTENTION: default value of option mesa_glthread overridden by environment.
ATTENTION: default value of option mesa_glthread overridden by environment.
1695761282592	Marionette	INFO	Marionette enabled
1695761283848	Marionette	INFO	Listening on port 33339
Read port: 33339
WebDriver BiDi listening on ws://127.0.0.1:48423
Read port: 33339
1695761287414	RemoteAgent	WARN	TLS certificate errors will be ignored for this session
console.error: ({})
DevTools listening on ws://127.0.0.1:48423/devtools/browser/1187dad0-382f-4812-b17f-69855b4115b8
console.error: "update.locale" " file doesn't exist in either the application or GRE directories"
console.error: (new TypeError("linkMap is undefined", "resource://gre/modules/NewTabUtils.sys.mjs", 2003))
console.error: ({})
JavaScript error: https://uzum.uz/static/js/app.378991a3f2b35f9445c9.js?f200d7756c4a28452146, line 2: TypeError: can't convert undefined to object
JavaScript warning: https://pi.googleadshost.net/cdn/fingerprintjs, line 2: WEBGL_debug_renderer_info is deprecated in Firefox and will be removed. Please use RENDERER.
JavaScript error: https://uzum.uz/static/js/app.378991a3f2b35f9445c9.js?f200d7756c4a28452146, line 2: Error: Redirected when going from "/uz" to "/search" via a navigation guard.
console.warn: LoginRecipes: "Falling back to a synchronous message for: https://uzum.uz."
1695761459223	geckodriver	INFO	Listening on 127.0.0.1:58915
1695761459727	mozrunner::runner	INFO	Running command: MOZ_CRASHREPORTER="1" MOZ_CRASHREPORTER_NO_REPORT="1" MOZ_CRASHREPORTER_SHUTDOWN="1" MOZ_NO_REMOTE="1" "/usr ... te" "--remote-debugging-port" "55851" "--remote-allow-hosts" "localhost" "-no-remote" "-profile" "/tmp/rust_mozprofileYLsie9"
JavaScript error: resource://gre/modules/AsyncShutdown.sys.mjs, line 575: NotFoundError: No such JSWindowActor 'DevToolsFrame'
JavaScript error: resource://gre/modules/AsyncShutdown.sys.mjs, line 575: NotFoundError: No such JSWindowActor 'DevToolsFrame'
JavaScript error: resource://gre/modules/AsyncShutdown.sys.mjs, line 575: NotFoundError: No such JSWindowActor 'DevToolsFrame'
console.warn: services.settings: Ignoring preference override of remote settings server
console.warn: services.settings: Allow by setting MOZ_REMOTE_SETTINGS_DEVTOOLS=1 in the environment
1695761462393	Marionette	INFO	Stopped listening on port 33339
ATTENTION: default value of option mesa_glthread overridden by environment.
ATTENTION: default value of option mesa_glthread overridden by environment.
ATTENTION: default value of option mesa_glthread overridden by environment.
1695761475740	Marionette	INFO	Marionette enabled
1695761476455	Marionette	INFO	Listening on port 33347
WebDriver BiDi listening on ws://127.0.0.1:55851
Read port: 33347
Read port: 33347
Read port: 33347
Read port: 33347
1695761480655	RemoteAgent	WARN	TLS certificate errors will be ignored for this session
console.error: ({})
DevTools listening on ws://127.0.0.1:55851/devtools/browser/8f4cdf50-d96d-4843-9f15-b6261313c218
console.error: "update.locale" " file doesn't exist in either the application or GRE directories"
console.error: (new TypeError("linkMap is undefined", "resource://gre/modules/NewTabUtils.sys.mjs", 2003))
console.error: ({})
JavaScript error: https://uzum.uz/static/js/app.378991a3f2b35f9445c9.js?f200d7756c4a28452146, line 2: TypeError: can't convert undefined to object
JavaScript warning: https://pi.googleadshost.net/cdn/fingerprintjs, line 2: WEBGL_debug_renderer_info is deprecated in Firefox and will be removed. Please use RENDERER.
JavaScript error: https://uzum.uz/static/js/app.378991a3f2b35f9445c9.js?f200d7756c4a28452146, line 2: Error: Redirected when going from "/uz" to "/search" via a navigation guard.
1695761781437	Marionette	INFO	Stopped listening on port 33347
1695809801287	geckodriver	INFO	Listening on 127.0.0.1:52603
1695809801890	mozrunner::runner	INFO	Running command: MOZ_CRASHREPORTER="1" MOZ_CRASHREPORTER_NO_REPORT="1" MOZ_CRASHREPORTER_SHUTDOWN="1" MOZ_NO_REMOTE="1" "/usr ... te" "--remote-debugging-port" "35603" "--remote-allow-hosts" "localhost" "-no-remote" "-profile" "/tmp/rust_mozprofileUXgMbM"
console.warn: services.settings: Ignoring preference override of remote settings server
console.warn: services.settings: Allow by setting MOZ_REMOTE_SETTINGS_DEVTOOLS=1 in the environment
ATTENTION: default value of option mesa_glthread overridden by environment.
ATTENTION: default value of option mesa_glthread overridden by environment.
ATTENTION: default value of option mesa_glthread overridden by environment.
1695809807492	Marionette	INFO	Marionette enabled
1695809808391	Marionette	INFO	Listening on port 42677
Read port: 42677
WebDriver BiDi listening on ws://127.0.0.1:35603
Read port: 42677
1695809812078	RemoteAgent	WARN	TLS certificate errors will be ignored for this session
console.error: ({})
DevTools listening on ws://127.0.0.1:35603/devtools/browser/c8ad72d2-721e-4f39-a15b-cd96c9e5c14d
console.error: (new TypeError("linkMap is undefined", "resource://gre/modules/NewTabUtils.sys.mjs", 2003))
console.error: "update.locale" " file doesn't exist in either the application or GRE directories"
console.error: ({})
JavaScript error: https://uzum.uz/static/js/app.70bcfa391ffebcadae85.js?4c3949ec265666f8f686, line 2: TypeError: can't convert undefined to object
Exiting due to channel error.
Exiting due to channel error.
Exiting due to channel error.
Exiting due to channel error.
Exiting due to channel error.
Exiting due to channel error.
1695810404395	geckodriver	INFO	Listening on 127.0.0.1:41495
1695810404547	mozrunner::runner	INFO	Running command: MOZ_CRASHREPORTER="1" MOZ_CRASHREPORTER_NO_REPORT="1" MOZ_CRASHREPORTER_SHUTDOWN="1" MOZ_NO_REMOTE="1" "/usr ... te" "--remote-debugging-port" "51273" "--remote-allow-hosts" "localhost" "-no-remote" "-profile" "/tmp/rust_mozprofileaRJIjH"
console.warn: services.settings: Ignoring preference override of remote settings server
console.warn: services.settings: Allow by setting MOZ_REMOTE_SETTINGS_DEVTOOLS=1 in the environment
ATTENTION: default value of option mesa_glthread overridden by environment.
ATTENTION: default value of option mesa_glthread overridden by environment.
ATTENTION: default value of option mesa_glthread overridden by environment.
1695810407633	Marionette	INFO	Marionette enabled
1695810407918	Marionette	INFO	Listening on port 46563
Read port: 46563
WebDriver BiDi listening on ws://127.0.0.1:51273
1695810408436	RemoteAgent	WARN	TLS certificate errors will be ignored for this session
console.error: ({})
DevTools listening on ws://127.0.0.1:51273/devtools/browser/346fd9ac-2154-41e4-b9d3-0c7d39682747
console.error: "update.locale" " file doesn't exist in either the application or GRE directories"
console.error: (new TypeError("linkMap is undefined", "resource://gre/modules/NewTabUtils.sys.mjs", 2003))
console.error: ({})
JavaScript error: https://uzum.uz/static/js/app.70bcfa391ffebcadae85.js?4c3949ec265666f8f686, line 2: TypeError: can't convert undefined to object
JavaScript warning: https://pi.googleadshost.net/cdn/fingerprintjs, line 2: WEBGL_debug_renderer_info is deprecated in Firefox and will be removed. Please use RENDERER.
Exiting due to channel error.
Exiting due to channel error.
Exiting due to channel error.
Exiting due to channel error.
1695810469177	geckodriver	INFO	Listening on 127.0.0.1:36927
1695810469313	mozrunner::runner	INFO	Running command: MOZ_CRASHREPORTER="1" MOZ_CRASHREPORTER_NO_REPORT="1" MOZ_CRASHREPORTER_SHUTDOWN="1" MOZ_NO_REMOTE="1" "/usr ... te" "--remote-debugging-port" "44705" "--remote-allow-hosts" "localhost" "-no-remote" "-profile" "/tmp/rust_mozprofileGJm2BI"
console.warn: services.settings: Ignoring preference override of remote settings server
console.warn: services.settings: Allow by setting MOZ_REMOTE_SETTINGS_DEVTOOLS=1 in the environment
ATTENTION: default value of option mesa_glthread overridden by environment.
ATTENTION: default value of option mesa_glthread overridden by environment.
ATTENTION: default value of option mesa_glthread overridden by environment.
1695810472496	Marionette	INFO	Marionette enabled
1695810472825	Marionette	INFO	Listening on port 44699
WebDriver BiDi listening on ws://127.0.0.1:44705
Read port: 44699
1695810473840	RemoteAgent	WARN	TLS certificate errors will be ignored for this session
console.error: ({})
DevTools listening on ws://127.0.0.1:44705/devtools/browser/9f89ae1c-704e-4948-9799-d461d4d69648
console.error: "update.locale" " file doesn't exist in either the application or GRE directories"
console.error: ({})
JavaScript error: https://uzum.uz/static/js/app.70bcfa391ffebcadae85.js?4c3949ec265666f8f686, line 2: TypeError: can't convert undefined to object
JavaScript warning: https://pi.googleadshost.net/cdn/fingerprintjs, line 2: WEBGL_debug_renderer_info is deprecated in Firefox and will be removed. Please use RENDERER.
console.error: ({})
JavaScript error: https://uzum.uz/static/js/app.70bcfa391ffebcadae85.js?4c3949ec265666f8f686, line 2: TypeError: can't convert undefined to object
JavaScript warning: https://pi.googleadshost.net/cdn/fingerprintjs, line 2: WEBGL_debug_renderer_info is deprecated in Firefox and will be removed. Please use RENDERER.
JavaScript error: https://uzum.uz/static/js/app.70bcfa391ffebcadae85.js?4c3949ec265666f8f686, line 2: Error: Redirected when going from "/uz" to "/search" via a navigation guard.
console.error: ({})
JavaScript error: https://uzum.uz/static/js/app.70bcfa391ffebcadae85.js?4c3949ec265666f8f686, line 2: TypeError: can't convert undefined to object
JavaScript warning: https://pi.googleadshost.net/cdn/fingerprintjs, line 2: WEBGL_debug_renderer_info is deprecated in Firefox and will be removed. Please use RENDERER.
JavaScript error: https://uzum.uz/static/js/app.70bcfa391ffebcadae85.js?4c3949ec265666f8f686, line 2: Error: Redirected when going from "/uz" to "/search" via a navigation guard.
console.error: ({})
JavaScript error: https://uzum.uz/static/js/app.70bcfa391ffebcadae85.js?4c3949ec265666f8f686, line 2: TypeError: can't convert undefined to object
JavaScript warning: https://pi.googleadshost.net/cdn/fingerprintjs, line 2: WEBGL_debug_renderer_info is deprecated in Firefox and will be removed. Please use RENDERER.
1695813951332	Marionette	WARN	TimedPromise timed out after 500 ms: stacktrace:
TimedPromise/<@chrome://remote/content/marionette/sync.sys.mjs:221:24
TimedPromise@chrome://remote/content/marionette/sync.sys.mjs:205:10
interaction.flushEventLoop@chrome://remote/content/marionette/interaction.sys.mjs:431:10
webdriverClickElement@chrome://remote/content/marionette/interaction.sys.mjs:180:31
JavaScript error: https://uzum.uz/static/js/app.70bcfa391ffebcadae85.js?4c3949ec265666f8f686, line 2: Error: Redirected when going from "/uz" to "/search" via a navigation guard.
Exiting due to channel error.
Exiting due to channel error.
Exiting due to channel error.
Exiting due to channel error.
Exiting due to channel error.
1695814004018	geckodriver	INFO	Listening on 127.0.0.1:37871
1695814004229	mozrunner::runner	INFO	Running command: MOZ_CRASHREPORTER="1" MOZ_CRASHREPORTER_NO_REPORT="1" MOZ_CRASHREPORTER_SHUTDOWN="1" MOZ_NO_REMOTE="1" "/usr ... te" "--remote-debugging-port" "49261" "--remote-allow-hosts" "localhost" "-no-remote" "-profile" "/tmp/rust_mozprofileGQdUBw"
console.warn: services.settings: Ignoring preference override of remote settings server
console.warn: services.settings: Allow by setting MOZ_REMOTE_SETTINGS_DEVTOOLS=1 in the environment
ATTENTION: default value of option mesa_glthread overridden by environment.
ATTENTION: default value of option mesa_glthread overridden by environment.
ATTENTION: default value of option mesa_glthread overridden by environment.
1695814008052	Marionette	INFO	Marionette enabled
1695814008447	Marionette	INFO	Listening on port 35669
WebDriver BiDi listening on ws://127.0.0.1:49261
Read port: 35669
1695814009564	RemoteAgent	WARN	TLS certificate errors will be ignored for this session
console.error: ({})
DevTools listening on ws://127.0.0.1:49261/devtools/browser/8b1ac22e-4401-4673-bdf9-6fbf6e89a2a0
console.error: "update.locale" " file doesn't exist in either the application or GRE directories"
console.error: ({})
JavaScript error: https://uzum.uz/static/js/app.70bcfa391ffebcadae85.js?4c3949ec265666f8f686, line 2: TypeError: can't convert undefined to object
JavaScript warning: https://pi.googleadshost.net/cdn/fingerprintjs, line 2: WEBGL_debug_renderer_info is deprecated in Firefox and will be removed. Please use RENDERER.
JavaScript error: https://uzum.uz/static/js/app.70bcfa391ffebcadae85.js?4c3949ec265666f8f686, line 2: Error: Redirected when going from "/uz" to "/search" via a navigation guard.
console.error: ({})
JavaScript error: https://uzum.uz/static/js/app.70bcfa391ffebcadae85.js?4c3949ec265666f8f686, line 2: TypeError: can't convert undefined to object
JavaScript warning: https://pi.googleadshost.net/cdn/fingerprintjs, line 2: WEBGL_debug_renderer_info is deprecated in Firefox and will be removed. Please use RENDERER.
1695814334373	Marionette	WARN	TimedPromise timed out after 500 ms: stacktrace:
TimedPromise/<@chrome://remote/content/marionette/sync.sys.mjs:221:24
TimedPromise@chrome://remote/content/marionette/sync.sys.mjs:205:10
interaction.flushEventLoop@chrome://remote/content/marionette/interaction.sys.mjs:431:10
webdriverClickElement@chrome://remote/content/marionette/interaction.sys.mjs:180:31
JavaScript error: https://uzum.uz/static/js/app.70bcfa391ffebcadae85.js?4c3949ec265666f8f686, line 2: Error: Redirected when going from "/uz" to "/search" via a navigation guard.
JavaScript error: https://uzum.uz/static/js/app.70bcfa391ffebcadae85.js?4c3949ec265666f8f686, line 2: Error: Redirected when going from "/uz/search?query=redmi%20note%2012&needsCorrection=1" to "/product/smartfon-xiaomi-redmi-384579" via a navigation guard.
Exiting due to channel error.
Exiting due to channel error.
Exiting due to channel error.
Exiting due to channel error.
Exiting due to channel error.
Exiting due to channel error.
1695814406104	geckodriver	INFO	Listening on 127.0.0.1:33911
1695814406252	mozrunner::runner	INFO	Running command: MOZ_CRASHREPORTER="1" MOZ_CRASHREPORTER_NO_REPORT="1" MOZ_CRASHREPORTER_SHUTDOWN="1" MOZ_NO_REMOTE="1" "/usr ... te" "--remote-debugging-port" "55403" "--remote-allow-hosts" "localhost" "-no-remote" "-profile" "/tmp/rust_mozprofile5UZd9y"
console.warn: services.settings: Ignoring preference override of remote settings server
console.warn: services.settings: Allow by setting MOZ_REMOTE_SETTINGS_DEVTOOLS=1 in the environment
ATTENTION: default value of option mesa_glthread overridden by environment.
ATTENTION: default value of option mesa_glthread overridden by environment.
ATTENTION: default value of option mesa_glthread overridden by environment.
1695814410138	Marionette	INFO	Marionette enabled
1695814410566	Marionette	INFO	Listening on port 34293
Read port: 34293
WebDriver BiDi listening on ws://127.0.0.1:55403
1695814411259	RemoteAgent	WARN	TLS certificate errors will be ignored for this session
console.error: ({})
DevTools listening on ws://127.0.0.1:55403/devtools/browser/78e5dcc3-db4d-4fe5-b6ab-a75f6ac44bdf
console.error: (new TypeError("linkMap is undefined", "resource://gre/modules/NewTabUtils.sys.mjs", 2003))
console.error: ({})
JavaScript error: https://uzum.uz/static/js/app.70bcfa391ffebcadae85.js?4c3949ec265666f8f686, line 2: TypeError: can't convert undefined to object
console.error: "update.locale" " file doesn't exist in either the application or GRE directories"
JavaScript warning: https://pi.googleadshost.net/cdn/fingerprintjs, line 2: WEBGL_debug_renderer_info is deprecated in Firefox and will be removed. Please use RENDERER.
JavaScript error: resource://devtools/client/framework/toolbox.js, line 1999: TypeError: currentPanel is undefined
console.error: "Error while calling actor 'pagestyle's method 'getLayout'" "node is null"
console.error: (new TypeError("node is null", "resource://devtools/server/actors/page-style.js", 932))
console.error: "Error while calling actor 'pagestyle's method 'getApplied'" "node is null"
console.error: (new TypeError("node is null", "resource://devtools/server/actors/page-style.js", 524))
console.error: (new TypeError("parent is null", "resource://devtools/client/inspector/shared/style-change-tracker.js", 67))
TypeError: parent is null: canMutationImpactCurrentStyles@resource://devtools/client/inspector/shared/style-change-tracker.js:67:24
onMutations@resource://devtools/client/inspector/shared/style-change-tracker.js:84:41
_emit@resource://devtools/shared/event-emitter.js:242:32
emit@resource://devtools/shared/event-emitter.js:186:18
emit@resource://devtools/shared/event-emitter.js:330:18
getMutations@resource://devtools/client/fronts/walker.js:309:10

console.error: (new Error("Protocol error (TypeError): node is null from: server0.conn0.windowGlobal6442450945/pagestyle25 (resource://devtools/server/actors/page-style.js:932:5)", "resource://devtools/shared/protocol/Front.js", 383))
console.error: (new Error("Protocol error (TypeError): node is null from: server0.conn0.windowGlobal6442450945/pagestyle25 (resource://devtools/server/actors/page-style.js:524:5)", "resource://devtools/shared/protocol/Front.js", 383))
console.error: "Unable to find target with innerWindowId:6442450945"
console.error: "Unable to find target with innerWindowId:6442450945"
console.error: "Unable to find target with innerWindowId:6442450945"
console.error: "Unable to find target with innerWindowId:6442450945"
console.error: "Unable to find target with innerWindowId:6442450945"
console.error: "Unable to find target with innerWindowId:6442450945"
console.error: ({})
JavaScript error: https://uzum.uz/static/js/app.70bcfa391ffebcadae85.js?4c3949ec265666f8f686, line 2: TypeError: can't convert undefined to object
console.error: "Error when attaching target:" (new Error("Connection closed, pending request to server0.conn0.windowGlobal6442450960/thread1, type isAttached failed\n\nRequest stack:\nrequest@resource://devtools/shared/protocol/Front.js:300:14\ngenerateRequestMethods/</frontProto[name]@resource://devtools/shared/protocol/Front/FrontClassWithSpec.js:47:19\nattachThread@resource://devtools/client/fronts/targets/target-mixin.js:447:49\n", "resource://devtools/shared/protocol/Front.js", 106))
console.warn: "Error while destroying front:" "inspector" (new Error("Connection closed, pending request to server0.conn0.windowGlobal6442450960/inspectorActor4, type getWalker failed\n\nRequest stack:\nrequest@resource://devtools/shared/protocol/Front.js:300:14\ngenerateRequestMethods/</frontProto[name]@resource://devtools/shared/protocol/Front/FrontClassWithSpec.js:47:19\n_getWalker@resource://devtools/client/fronts/inspector.js:84:30\ninitialize@resource://devtools/client/fronts/inspector.js:73:12\n", "resource://devtools/shared/protocol/Front.js", 106))
JavaScript warning: https://pi.googleadshost.net/cdn/fingerprintjs, line 2: WEBGL_debug_renderer_info is deprecated in Firefox and will be removed. Please use RENDERER.
JavaScript error: https://uzum.uz/static/js/app.70bcfa391ffebcadae85.js?4c3949ec265666f8f686, line 2: Error: Redirected when going from "/uz" to "/search" via a navigation guard.
JavaScript error: , line 0: NotFoundError: No such JSWindowActor 'DevToolsFrame'
console.error: ({})
JavaScript error: https://uzum.uz/static/js/app.70bcfa391ffebcadae85.js?4c3949ec265666f8f686, line 2: TypeError: can't convert undefined to object
JavaScript warning: https://pi.googleadshost.net/cdn/fingerprintjs, line 2: WEBGL_debug_renderer_info is deprecated in Firefox and will be removed. Please use RENDERER.
Exiting due to channel error.
Exiting due to channel error.
Exiting due to channel error.
Exiting due to channel error.
Exiting due to channel error.
1695814591414	geckodriver	INFO	Listening on 127.0.0.1:58417
1695814591564	mozrunner::runner	INFO	Running command: MOZ_CRASHREPORTER="1" MOZ_CRASHREPORTER_NO_REPORT="1" MOZ_CRASHREPORTER_SHUTDOWN="1" MOZ_NO_REMOTE="1" "/usr ... te" "--remote-debugging-port" "44807" "--remote-allow-hosts" "localhost" "-no-remote" "-profile" "/tmp/rust_mozprofilee3hAir"
console.warn: services.settings: Ignoring preference override of remote settings server
console.warn: services.settings: Allow by setting MOZ_REMOTE_SETTINGS_DEVTOOLS=1 in the environment
ATTENTION: default value of option mesa_glthread overridden by environment.
ATTENTION: default value of option mesa_glthread overridden by environment.
ATTENTION: default value of option mesa_glthread overridden by environment.
1695814595173	Marionette	INFO	Marionette enabled
1695814595562	Marionette	INFO	Listening on port 38965
Read port: 38965
WebDriver BiDi listening on ws://127.0.0.1:44807
1695814596168	RemoteAgent	WARN	TLS certificate errors will be ignored for this session
console.error: ({})
DevTools listening on ws://127.0.0.1:44807/devtools/browser/8f634880-8580-4feb-8979-7f3d4acd7b9b
console.error: "update.locale" " file doesn't exist in either the application or GRE directories"
console.error: (new TypeError("linkMap is undefined", "resource://gre/modules/NewTabUtils.sys.mjs", 2003))
console.error: ({})
JavaScript error: https://uzum.uz/static/js/app.70bcfa391ffebcadae85.js?4c3949ec265666f8f686, line 2: TypeError: can't convert undefined to object
JavaScript warning: https://pi.googleadshost.net/cdn/fingerprintjs, line 2: WEBGL_debug_renderer_info is deprecated in Firefox and will be removed. Please use RENDERER.
console.error: "Unable to find target with innerWindowId:6442450945"
console.error: "Unable to find target with innerWindowId:6442450945"
console.error: ({})
JavaScript error: https://uzum.uz/static/js/app.70bcfa391ffebcadae85.js?4c3949ec265666f8f686, line 2: TypeError: can't convert undefined to object
console.warn: "Listener for event 'frame' did not return a promise."
console.warn: "Error while destroying front:" "inspector" (new Error("Connection closed, pending request to server0.conn0.windowGlobal6442450964/inspectorActor4, type getWalker failed\n\nRequest stack:\nrequest@resource://devtools/shared/protocol/Front.js:300:14\ngenerateRequestMethods/</frontProto[name]@resource://devtools/shared/protocol/Front/FrontClassWithSpec.js:47:19\n_getWalker@resource://devtools/client/fronts/inspector.js:84:30\ninitialize@resource://devtools/client/fronts/inspector.js:73:12\n", "resource://devtools/shared/protocol/Front.js", 106))
console.error: "Failed to start [root-node] legacy listener for target null" (new Error("Connection closed, pending request to server0.conn0.windowGlobal6442450964/inspectorActor4, type getWalker failed\n\nRequest stack:\nrequest@resource://devtools/shared/protocol/Front.js:300:14\ngenerateRequestMethods/</frontProto[name]@resource://devtools/shared/protocol/Front/FrontClassWithSpec.js:47:19\n_getWalker@resource://devtools/client/fronts/inspector.js:84:30\ninitialize@resource://devtools/client/fronts/inspector.js:73:12\n", "resource://devtools/shared/protocol/Front.js", 106))
JavaScript error: resource://devtools/shared/protocol/Front.js, line 106: Error: Connection closed, pending request to server0.conn0.windowGlobal6442450964/inspectorActor4, type getWalker failed

Request stack:
request@resource://devtools/shared/protocol/Front.js:300:14
generateRequestMethods/</frontProto[name]@resource://devtools/shared/protocol/Front/FrontClassWithSpec.js:47:19
_getWalker@resource://devtools/client/fronts/inspector.js:84:30
initialize@resource://devtools/client/fronts/inspector.js:73:12

JavaScript warning: https://pi.googleadshost.net/cdn/fingerprintjs, line 2: WEBGL_debug_renderer_info is deprecated in Firefox and will be removed. Please use RENDERER.
JavaScript error: https://uzum.uz/static/js/app.70bcfa391ffebcadae85.js?4c3949ec265666f8f686, line 2: Error: Redirected when going from "/uz" to "/search" via a navigation guard.
console.error: "stylesheets: fetch failed for https://uzum.uz/static/css/9246.a2b86c8373e37ca42e8a.css, using system principal instead."
console.error: (new TypeError("currentNode is null", "resource://devtools/client/inspector/shared/style-change-tracker.js", 66))
TypeError: currentNode is null: canMutationImpactCurrentStyles@resource://devtools/client/inspector/shared/style-change-tracker.js:66:20
onMutations@resource://devtools/client/inspector/shared/style-change-tracker.js:84:41
_emit@resource://devtools/shared/event-emitter.js:242:32
emit@resource://devtools/shared/event-emitter.js:186:18
emit@resource://devtools/shared/event-emitter.js:330:18
getMutations@resource://devtools/client/fronts/walker.js:309:10

console.error: (new Error("Connection closed, pending request to server0.conn0.windowGlobal6442450956/domwalker21, type getOffsetParent failed\n\nRequest stack:\nrequest@resource://devtools/shared/protocol/Front.js:300:14\ngenerateRequestMethods/</frontProto[name]@resource://devtools/shared/protocol/Front/FrontClassWithSpec.js:47:19\nupdateBoxModel/lastRequest<@resource://devtools/client/inspector/boxmodel/box-model.js:202:56\n", "resource://devtools/shared/protocol/Front.js", 106))
console.error: (new Error("Connection closed, pending request to server0.conn0.windowGlobal6442450956/pagestyle22, type isPositionEditable failed\n\nRequest stack:\nrequest@resource://devtools/shared/protocol/Front.js:300:14\ngenerateRequestMethods/</frontProto[name]@resource://devtools/shared/protocol/Front/FrontClassWithSpec.js:47:19\nupdateBoxModel/lastRequest<@resource://devtools/client/inspector/boxmodel/box-model.js:195:50\n", "resource://devtools/shared/protocol/Front.js", 106))
console.error: (new Error("Connection closed, pending request to server0.conn0.windowGlobal6442450956/pagestyle22, type getApplied failed\n\nRequest stack:\nrequest@resource://devtools/shared/protocol/Front.js:300:14\ngenerateRequestMethods/</frontProto[name]@resource://devtools/shared/protocol/Front/FrontClassWithSpec.js:47:19\ngetApplied@resource://devtools/client/fronts/page-style.js:61:29\nupdateBoxModel/lastRequest<@resource://devtools/client/inspector/boxmodel/box-model.js:187:44\n", "resource://devtools/shared/protocol/Front.js", 106))
console.error: (new Error("Connection closed, pending request to server0.conn0.windowGlobal6442450956/pagestyle22, type getApplied failed\n\nRequest stack:\nrequest@resource://devtools/shared/protocol/Front.js:300:14\ngenerateRequestMethods/</frontProto[name]@resource://devtools/shared/protocol/Front/FrontClassWithSpec.js:47:19\ngetApplied@resource://devtools/client/fronts/page-style.js:61:29\nupdateBoxModel/lastRequest<@resource://devtools/client/inspector/boxmodel/box-model.js:187:44\n", "resource://devtools/shared/protocol/Front.js", 106))
console.error: "Unable to find target with innerWindowId:6442450956"
console.error: "Unable to find target with innerWindowId:6442450956"
console.error: "Unable to find target with innerWindowId:6442450956"
console.error: ({})
JavaScript error: https://uzum.uz/static/js/app.70bcfa391ffebcadae85.js?4c3949ec265666f8f686, line 2: TypeError: can't convert undefined to object
Handler function threw an exception: Error: Got notified about channel 333128400897328 more than once.
Stack: onNetworkEvent@resource://devtools/server/actors/resources/network-events.js:279:13
#createNetworkEvent@resource://devtools/shared/network-observer/NetworkObserver.sys.mjs:665:46
@resource://devtools/shared/network-observer/NetworkObserver.sys.mjs:330:33
makeInfallible/<@resource://devtools/shared/DevToolsInfaillibleUtils.sys.mjs:43:22
Line: 279, column: 13
console.error: (new Error("Got notified about channel 333128400897328 more than once.", "resource://devtools/server/actors/resources/network-events.js", 279))
Handler function threw an exception: Error: Got notified about channel 333128400897329 more than once.
Stack: onNetworkEvent@resource://devtools/server/actors/resources/network-events.js:279:13
#createNetworkEvent@resource://devtools/shared/network-observer/NetworkObserver.sys.mjs:665:46
@resource://devtools/shared/network-observer/NetworkObserver.sys.mjs:330:33
makeInfallible/<@resource://devtools/shared/DevToolsInfaillibleUtils.sys.mjs:43:22
Line: 279, column: 13
console.error: (new Error("Got notified about channel 333128400897329 more than once.", "resource://devtools/server/actors/resources/network-events.js", 279))
console.error: "Error when attaching target:" (new Error("Connection closed, pending request to server0.conn0.windowGlobal6442450975/thread1, type isAttached failed\n\nRequest stack:\nrequest@resource://devtools/shared/protocol/Front.js:300:14\ngenerateRequestMethods/</frontProto[name]@resource://devtools/shared/protocol/Front/FrontClassWithSpec.js:47:19\nattachThread@resource://devtools/client/fronts/targets/target-mixin.js:447:49\n", "resource://devtools/shared/protocol/Front.js", 106))
console.warn: "Error while destroying front:" "inspector" (new Error("Connection closed, pending request to server0.conn0.windowGlobal6442450975/inspectorActor4, type getWalker failed\n\nRequest stack:\nrequest@resource://devtools/shared/protocol/Front.js:300:14\ngenerateRequestMethods/</frontProto[name]@resource://devtools/shared/protocol/Front/FrontClassWithSpec.js:47:19\n_getWalker@resource://devtools/client/fronts/inspector.js:84:30\ninitialize@resource://devtools/client/fronts/inspector.js:73:12\n", "resource://devtools/shared/protocol/Front.js", 106))
JavaScript warning: https://pi.googleadshost.net/cdn/fingerprintjs, line 2: WEBGL_debug_renderer_info is deprecated in Firefox and will be removed. Please use RENDERER.
console.error: "Unable to find target with innerWindowId:6442450967"
console.error: "Unable to find target with innerWindowId:6442450967"
console.error: ({})
JavaScript error: https://uzum.uz/static/js/app.70bcfa391ffebcadae85.js?4c3949ec265666f8f686, line 2: TypeError: can't convert undefined to object
Handler function threw an exception: Error: Got notified about channel 333128400898347 more than once.
Stack: onNetworkEvent@resource://devtools/server/actors/resources/network-events.js:279:13
#createNetworkEvent@resource://devtools/shared/network-observer/NetworkObserver.sys.mjs:665:46
@resource://devtools/shared/network-observer/NetworkObserver.sys.mjs:330:33
makeInfallible/<@resource://devtools/shared/DevToolsInfaillibleUtils.sys.mjs:43:22
Line: 279, column: 13
console.error: (new Error("Got notified about channel 333128400898347 more than once.", "resource://devtools/server/actors/resources/network-events.js", 279))
Handler function threw an exception: Error: Got notified about channel 333128400898348 more than once.
Stack: onNetworkEvent@resource://devtools/server/actors/resources/network-events.js:279:13
#createNetworkEvent@resource://devtools/shared/network-observer/NetworkObserver.sys.mjs:665:46
@resource://devtools/shared/network-observer/NetworkObserver.sys.mjs:330:33
makeInfallible/<@resource://devtools/shared/DevToolsInfaillibleUtils.sys.mjs:43:22
Line: 279, column: 13
console.error: (new Error("Got notified about channel 333128400898348 more than once.", "resource://devtools/server/actors/resources/network-events.js", 279))
Handler function threw an exception: Error: Got notified about channel 333128400898362 more than once.
Stack: onNetworkEvent@resource://devtools/server/actors/resources/network-events.js:279:13
#createNetworkEvent@resource://devtools/shared/network-observer/NetworkObserver.sys.mjs:665:46
@resource://devtools/shared/network-observer/NetworkObserver.sys.mjs:330:33
makeInfallible/<@resource://devtools/shared/DevToolsInfaillibleUtils.sys.mjs:43:22
Line: 279, column: 13
console.error: (new Error("Got notified about channel 333128400898362 more than once.", "resource://devtools/server/actors/resources/network-events.js", 279))
Handler function threw an exception: Error: Got notified about channel 333128400898363 more than once.
Stack: onNetworkEvent@resource://devtools/server/actors/resources/network-events.js:279:13
#createNetworkEvent@resource://devtools/shared/network-observer/NetworkObserver.sys.mjs:665:46
@resource://devtools/shared/network-observer/NetworkObserver.sys.mjs:330:33
makeInfallible/<@resource://devtools/shared/DevToolsInfaillibleUtils.sys.mjs:43:22
Line: 279, column: 13
console.error: (new Error("Got notified about channel 333128400898363 more than once.", "resource://devtools/server/actors/resources/network-events.js", 279))
Handler function threw an exception: Error: Got notified about channel 333128400898365 more than once.
Stack: onNetworkEvent@resource://devtools/server/actors/resources/network-events.js:279:13
#createNetworkEvent@resource://devtools/shared/network-observer/NetworkObserver.sys.mjs:665:46
@resource://devtools/shared/network-observer/NetworkObserver.sys.mjs:330:33
makeInfallible/<@resource://devtools/shared/DevToolsInfaillibleUtils.sys.mjs:43:22
Line: 279, column: 13
console.error: (new Error("Got notified about channel 333128400898365 more than once.", "resource://devtools/server/actors/resources/network-events.js", 279))
Handler function threw an exception: Error: Got notified about channel 333128400898364 more than once.
Stack: onNetworkEvent@resource://devtools/server/actors/resources/network-events.js:279:13
#createNetworkEvent@resource://devtools/shared/network-observer/NetworkObserver.sys.mjs:665:46
@resource://devtools/shared/network-observer/NetworkObserver.sys.mjs:330:33
makeInfallible/<@resource://devtools/shared/DevToolsInfaillibleUtils.sys.mjs:43:22
Line: 279, column: 13
console.error: (new Error("Got notified about channel 333128400898364 more than once.", "resource://devtools/server/actors/resources/network-events.js", 279))
Handler function threw an exception: Error: Got notified about channel 333128400898366 more than once.
Stack: onNetworkEvent@resource://devtools/server/actors/resources/network-events.js:279:13
#createNetworkEvent@resource://devtools/shared/network-observer/NetworkObserver.sys.mjs:665:46
@resource://devtools/shared/network-observer/NetworkObserver.sys.mjs:330:33
makeInfallible/<@resource://devtools/shared/DevToolsInfaillibleUtils.sys.mjs:43:22
Line: 279, column: 13
console.error: (new Error("Got notified about channel 333128400898366 more than once.", "resource://devtools/server/actors/resources/network-events.js", 279))
Handler function threw an exception: Error: Got notified about channel 333128400898367 more than once.
Stack: onNetworkEvent@resource://devtools/server/actors/resources/network-events.js:279:13
#createNetworkEvent@resource://devtools/shared/network-observer/NetworkObserver.sys.mjs:665:46
@resource://devtools/shared/network-observer/NetworkObserver.sys.mjs:330:33
makeInfallible/<@resource://devtools/shared/DevToolsInfaillibleUtils.sys.mjs:43:22
Line: 279, column: 13
console.error: (new Error("Got notified about channel 333128400898367 more than once.", "resource://devtools/server/actors/resources/network-events.js", 279))
console.warn: "Listener for event 'frame' did not return a promise."
console.warn: "Error while destroying front:" "inspector" (new Error("Connection closed, pending request to server0.conn0.windowGlobal6442450980/inspectorActor4, type getWalker failed\n\nRequest stack:\nrequest@resource://devtools/shared/protocol/Front.js:300:14\ngenerateRequestMethods/</frontProto[name]@resource://devtools/shared/protocol/Front/FrontClassWithSpec.js:47:19\n_getWalker@resource://devtools/client/fronts/inspector.js:84:30\ninitialize@resource://devtools/client/fronts/inspector.js:73:12\n", "resource://devtools/shared/protocol/Front.js", 106))
console.error: "Failed to start [root-node] legacy listener for target null" (new Error("Connection closed, pending request to server0.conn0.windowGlobal6442450980/inspectorActor4, type getWalker failed\n\nRequest stack:\nrequest@resource://devtools/shared/protocol/Front.js:300:14\ngenerateRequestMethods/</frontProto[name]@resource://devtools/shared/protocol/Front/FrontClassWithSpec.js:47:19\n_getWalker@resource://devtools/client/fronts/inspector.js:84:30\ninitialize@resource://devtools/client/fronts/inspector.js:73:12\n", "resource://devtools/shared/protocol/Front.js", 106))
JavaScript error: resource://devtools/shared/protocol/Front.js, line 106: Error: Connection closed, pending request to server0.conn0.windowGlobal6442450980/inspectorActor4, type getWalker failed

Request stack:
request@resource://devtools/shared/protocol/Front.js:300:14
generateRequestMethods/</frontProto[name]@resource://devtools/shared/protocol/Front/FrontClassWithSpec.js:47:19
_getWalker@resource://devtools/client/fronts/inspector.js:84:30
initialize@resource://devtools/client/fronts/inspector.js:73:12

JavaScript warning: https://pi.googleadshost.net/cdn/fingerprintjs, line 2: WEBGL_debug_renderer_info is deprecated in Firefox and will be removed. Please use RENDERER.
JavaScript error: https://uzum.uz/static/js/app.70bcfa391ffebcadae85.js?4c3949ec265666f8f686, line 2: Error: Redirected when going from "/uz" to "/search" via a navigation guard.
JavaScript error: , line 0: NotFoundError: No such JSWindowActor 'DevToolsFrame'
Exiting due to channel error.
Exiting due to channel error.
Exiting due to channel error.
Exiting due to channel error.
Exiting due to channel error.
1695815563689	geckodriver	INFO	Listening on 127.0.0.1:57089
1695815563833	mozrunner::runner	INFO	Running command: MOZ_CRASHREPORTER="1" MOZ_CRASHREPORTER_NO_REPORT="1" MOZ_CRASHREPORTER_SHUTDOWN="1" MOZ_NO_REMOTE="1" "/usr ... te" "--remote-debugging-port" "53853" "--remote-allow-hosts" "localhost" "-no-remote" "-profile" "/tmp/rust_mozprofileJ6G6C6"
console.warn: services.settings: Ignoring preference override of remote settings server
console.warn: services.settings: Allow by setting MOZ_REMOTE_SETTINGS_DEVTOOLS=1 in the environment
ATTENTION: default value of option mesa_glthread overridden by environment.
ATTENTION: default value of option mesa_glthread overridden by environment.
ATTENTION: default value of option mesa_glthread overridden by environment.
1695815568389	Marionette	INFO	Marionette enabled
1695815568868	Marionette	INFO	Listening on port 37893
WebDriver BiDi listening on ws://127.0.0.1:53853
Read port: 37893
1695815569784	RemoteAgent	WARN	TLS certificate errors will be ignored for this session
console.error: ({})
DevTools listening on ws://127.0.0.1:53853/devtools/browser/174110ce-b86f-4a0a-b598-037ba522e4f6
console.error: "update.locale" " file doesn't exist in either the application or GRE directories"
console.error: ({})
JavaScript error: https://uzum.uz/static/js/app.70bcfa391ffebcadae85.js?4c3949ec265666f8f686, line 2: TypeError: can't convert undefined to object
JavaScript warning: https://pi.googleadshost.net/cdn/fingerprintjs, line 2: WEBGL_debug_renderer_info is deprecated in Firefox and will be removed. Please use RENDERER.
1695815799721	Marionette	INFO	Stopped listening on port 37893
